$ dbus-monitor --session &
[1] 22403
signal time=1601639792.120757 sender=org.freedesktop.DBus -> destination=:1.101 serial=2 path=/org/freedesktop/DBus; interface=org.freedesktop.DBus; member=NameAcquired
   string ":1.101"
signal time=1601639792.120799 sender=org.freedesktop.DBus -> destination=:1.101 serial=4 path=/org/freedesktop/DBus; interface=org.freedesktop.DBus; member=NameLost
   string ":1.101"
signal time=1601639792.120828 sender=org.freedesktop.DBus -> destination=(null destination) serial=151 path=/org/freedesktop/DBus; interface=org.freedesktop.DBus; member=NameOwnerChanged
   string ":1.101"
   string ":1.101"
   string ""
$ make
cd ../../../../../../build_x86/src/apps/linux_a7/sandbox/dbus/pingpong && make
make[1]: Entering directory '/home/user/Project/project_evlink_v3/build_x86/src/apps/linux_a7/sandbox/dbus/pingpong'
make[2]: Entering directory '/home/user/Project/project_evlink_v3/build_x86'
make[3]: Entering directory '/home/user/Project/project_evlink_v3/build_x86'
make[3]: Leaving directory '/home/user/Project/project_evlink_v3/build_x86'
make[3]: Entering directory '/home/user/Project/project_evlink_v3/build_x86'
[  0%] Automatic moc for target ping
make[3]: Leaving directory '/home/user/Project/project_evlink_v3/build_x86'
[  0%] Built target ping_automoc
make[3]: Entering directory '/home/user/Project/project_evlink_v3/build_x86'
make[3]: Leaving directory '/home/user/Project/project_evlink_v3/build_x86'
[  0%] Built target ping
make[3]: Entering directory '/home/user/Project/project_evlink_v3/build_x86'
make[3]: Leaving directory '/home/user/Project/project_evlink_v3/build_x86'
make[3]: Entering directory '/home/user/Project/project_evlink_v3/build_x86'
[  0%] Automatic moc for target pong
make[3]: Leaving directory '/home/user/Project/project_evlink_v3/build_x86'
[  0%] Built target pong_automoc
make[3]: Entering directory '/home/user/Project/project_evlink_v3/build_x86'
make[3]: Leaving directory '/home/user/Project/project_evlink_v3/build_x86'
[100%] Built target pong
make[2]: Leaving directory '/home/user/Project/project_evlink_v3/build_x86'
make[1]: Leaving directory '/home/user/Project/project_evlink_v3/build_x86/src/apps/linux_a7/sandbox/dbus/pingpong'
export LD_LIBRARY_PATH=../../../../../externals/install/qt5/x86/lib && ../../../../../../build_x86/src/apps/linux_a7/sandbox/dbus/pingpong/pong &
sleep 1
method call time=1601639816.769464 sender=:1.102 -> destination=org.freedesktop.DBus serial=1 path=/org/freedesktop/DBus; interface=org.freedesktop.DBus; member=Hello
method return time=1601639816.769505 sender=org.freedesktop.DBus -> destination=:1.102 serial=1 reply_serial=1
   string ":1.102"
signal time=1601639816.769519 sender=org.freedesktop.DBus -> destination=(null destination) serial=152 path=/org/freedesktop/DBus; interface=org.freedesktop.DBus; member=NameOwnerChanged
   string ":1.102"
   string ""
   string ":1.102"
signal time=1601639816.769536 sender=org.freedesktop.DBus -> destination=:1.102 serial=2 path=/org/freedesktop/DBus; interface=org.freedesktop.DBus; member=NameAcquired
   string ":1.102"
method call time=1601639816.776312 sender=:1.102 -> destination=org.freedesktop.DBus serial=2 path=/org/freedesktop/DBus; interface=org.freedesktop.DBus; member=RequestName
   string "org.example.QtDBus.PingExample"
   uint32 4
signal time=1601639816.776354 sender=org.freedesktop.DBus -> destination=(null destination) serial=153 path=/org/freedesktop/DBus; interface=org.freedesktop.DBus; member=NameOwnerChanged
   string "org.example.QtDBus.PingExample"
   string ""
   string ":1.102"
signal time=1601639816.776372 sender=org.freedesktop.DBus -> destination=:1.102 serial=3 path=/org/freedesktop/DBus; interface=org.freedesktop.DBus; member=NameAcquired
   string "org.example.QtDBus.PingExample"
method return time=1601639816.776385 sender=org.freedesktop.DBus -> destination=:1.102 serial=4 reply_serial=2
   uint32 1
export LD_LIBRARY_PATH=../../../../../externals/install/qt5/x86/lib && ../../../../../../build_x86/src/apps/linux_a7/sandbox/dbus/pingpong/ping
method call time=1601639817.774317 sender=:1.103 -> destination=org.freedesktop.DBus serial=1 path=/org/freedesktop/DBus; interface=org.freedesktop.DBus; member=Hello
method return time=1601639817.774354 sender=org.freedesktop.DBus -> destination=:1.103 serial=1 reply_serial=1
   string ":1.103"
signal time=1601639817.774367 sender=org.freedesktop.DBus -> destination=(null destination) serial=154 path=/org/freedesktop/DBus; interface=org.freedesktop.DBus; member=NameOwnerChanged
   string ":1.103"
   string ""
   string ":1.103"
signal time=1601639817.774382 sender=org.freedesktop.DBus -> destination=:1.103 serial=2 path=/org/freedesktop/DBus; interface=org.freedesktop.DBus; member=NameAcquired
   string ":1.103"
method call time=1601639817.775309 sender=:1.103 -> destination=org.example.QtDBus.PingExample serial=2 path=/path/to/object; interface=org.freedesktop.DBus.Introspectable; member=Introspect
method return time=1601639817.775742 sender=:1.102 -> destination=:1.103 serial=3 reply_serial=2
   string "<!DOCTYPE node PUBLIC "-//freedesktop//DTD D-BUS Object Introspection 1.0//EN"
"http://www.freedesktop.org/standards/dbus/1.0/introspect.dtd">
<node>
  <interface name="local.pong.Pong">
    <method name="ping">
      <arg type="s" direction="out"/>
      <arg name="arg" type="s" direction="in"/>
    </method>
    <method name="ping_void">
    </method>
  </interface>
  <interface name="org.freedesktop.DBus.Properties">
    <method name="Get">
      <arg name="interface_name" type="s" direction="in"/>
      <arg name="property_name" type="s" direction="in"/>
      <arg name="value" type="v" direction="out"/>
    </method>
    <method name="Set">
      <arg name="interface_name" type="s" direction="in"/>
      <arg name="property_name" type="s" direction="in"/>
      <arg name="value" type="v" direction="in"/>
    </method>
    <method name="GetAll">
      <arg name="interface_name" type="s" direction="in"/>
      <arg name="values" type="a{sv}" direction="out"/>
      <annotation name="org.qtproject.QtDBus.QtTypeName.Out0" value="QVariantMap"/>
    </method>
    <signal name="PropertiesChanged">
      <arg name="interface_name" type="s" direction="out"/>
      <arg name="changed_properties" type="a{sv}" direction="out"/>
      <annotation name="org.qtproject.QtDBus.QtTypeName.Out1" value="QVariantMap"/>
      <arg name="invalidated_properties" type="as" direction="out"/>
    </signal>
  </interface>
  <interface name="org.freedesktop.DBus.Introspectable">
    <method name="Introspect">
      <arg name="xml_data" type="s" direction="out"/>
    </method>
  </interface>
  <interface name="org.freedesktop.DBus.Peer">
    <method name="Ping"/>
    <method name="GetMachineId">
      <arg name="machine_uuid" type="s" direction="out"/>
    </method>
  </interface>
</node>
"
method call time=1601639817.776780 sender=:1.103 -> destination=org.freedesktop.DBus serial=3 path=/org/freedesktop/DBus; interface=org.freedesktop.DBus; member=AddMatch
   string "type='signal',sender='org.freedesktop.DBus',interface='org.freedesktop.DBus',member='NameOwnerChanged',arg0='org.example.QtDBus.PingExample'"
method call time=1601639817.777572 sender=:1.103 -> destination=org.freedesktop.DBus serial=4 path=/org/freedesktop/DBus; interface=org.freedesktop.DBus; member=GetNameOwner
   string "org.example.QtDBus.PingExample"
method return time=1601639817.777611 sender=org.freedesktop.DBus -> destination=:1.103 serial=3 reply_serial=4
   string ":1.102"
method call time=1601639817.777623 sender=:1.103 -> destination=org.example.QtDBus.PingExample serial=5 path=/path/to/object; interface=(null); member=ping
   string ""
method return time=1601639817.778610 sender=:1.102 -> destination=:1.103 serial=4 reply_serial=5
   string "ping("") got called"
Reply was: ping("") got called
signal time=1601639817.780893 sender=org.freedesktop.DBus -> destination=:1.102 serial=5 path=/org/freedesktop/DBus; interface=org.freedesktop.DBus; member=NameLost
   string "org.example.QtDBus.PingExample"
signal time=1601639817.780968 sender=org.freedesktop.DBus -> destination=(null destination) serial=4 path=/org/freedesktop/DBus; interface=org.freedesktop.DBus; member=NameOwnerChanged
   string "org.example.QtDBus.PingExample"
   string ":1.102"
   string ""
signal time=1601639817.780984 sender=org.freedesktop.DBus -> destination=:1.102 serial=6 path=/org/freedesktop/DBus; interface=org.freedesktop.DBus; member=NameLost
   string ":1.102"
signal time=1601639817.780995 sender=org.freedesktop.DBus -> destination=(null destination) serial=155 path=/org/freedesktop/DBus; interface=org.freedesktop.DBus; member=NameOwnerChanged
   string ":1.102"
   string ":1.102"
   string ""
method call time=1601639817.781035 sender=:1.103 -> destination=org.freedesktop.DBus serial=6 path=/org/freedesktop/DBus; interface=org.freedesktop.DBus; member=RemoveMatch
   string "type='signal',sender='org.freedesktop.DBus',interface='org.freedesktop.DBus',member='NameOwnerChanged',arg0='org.example.QtDBus.PingExample'"
method call time=1601639817.781047 sender=:1.103 -> destination=org.freedesktop.DBus serial=7 path=/org/freedesktop/DBus; interface=org.freedesktop.DBus; member=RemoveMatch
   string "type='signal',sender='org.freedesktop.DBus',interface='org.freedesktop.DBus',member='NameOwnerChanged',arg0='org.freedesktop.DBus'"
error time=1601639817.781079 sender=org.freedesktop.DBus -> destination=:1.103 error_name=org.freedesktop.DBus.Error.MatchRuleNotFound reply_serial=7
   string "The given match rule wasn't found and can't be removed"
signal time=1601639817.781092 sender=org.freedesktop.DBus -> destination=:1.103 serial=8 path=/org/freedesktop/DBus; interface=org.freedesktop.DBus; member=NameLost
   string ":1.103"
signal time=1601639817.781103 sender=org.freedesktop.DBus -> destination=(null destination) serial=156 path=/org/freedesktop/DBus; interface=org.freedesktop.DBus; member=NameOwnerChanged
   string ":1.103"
   string ":1.103"
   string ""
$
